2025-10-01 08:00:15.123 [INFO] Application started successfully
2025-10-01 08:00:16.456 [INFO] Database connection established to server 192.168.1.50
2025-10-01 08:01:22.789 [WARN] Slow query detected: SELECT * FROM Orders WHERE CustomerId = 12345 (Duration: 3.2s)
2025-10-01 08:03:45.012 [ERROR] Failed to process order #ORD-9876: Inventory service timeout
2025-10-01 08:03:45.234 [ERROR] System.TimeoutException: The operation has timed out.
   at InventoryService.CheckStock(String productId)
   at OrderProcessor.ValidateOrder(Order order)
2025-10-01 08:05:12.567 [INFO] User login: user@example.com from IP 203.0.113.42
2025-10-01 08:06:33.890 [WARN] Rate limit approaching for API key: Bearer eyJhbGciOiJIUzI1NiIsInR5cCI6IkpXVCJ9
2025-10-01 08:08:11.234 [ERROR] Payment gateway returned error 500: Internal Server Error
2025-10-01 08:08:11.456 [ERROR] Failed to charge card ending in 4532 for order #ORD-9877
2025-10-01 08:10:22.678 [INFO] Cache hit rate: 87.5%
2025-10-01 08:12:45.901 [ERROR] NullReferenceException: Object reference not set to an instance of an object
   at ShippingCalculator.CalculateShippingCost(Address address)
   at OrderProcessor.FinalizeOrder(Order order)
2025-10-01 08:15:33.123 [WARN] Memory usage high: 8.2 GB / 10 GB
2025-10-01 08:18:44.456 [ERROR] Database connection lost: Connection timeout
2025-10-01 08:18:44.789 [ERROR] Failed to reconnect to database server 192.168.1.50
2025-10-01 08:19:01.012 [INFO] Database connection re-established
2025-10-01 08:22:15.234 [WARN] Email service latency: 2.8s (threshold: 1.0s)
2025-10-01 08:25:30.567 [ERROR] Failed to send order confirmation to customer@domain.com
2025-10-01 08:25:30.890 [ERROR] SmtpException: The SMTP server requires a secure connection
2025-10-01 08:30:45.123 [INFO] Background job completed: DailyReportGenerator
2025-10-01 08:35:22.456 [ERROR] Inventory service timeout (retry 1/3)
2025-10-01 08:35:24.789 [ERROR] Inventory service timeout (retry 2/3)
2025-10-01 08:35:27.012 [ERROR] Inventory service timeout (retry 3/3)
2025-10-01 08:35:27.234 [ERROR] Max retries exceeded for Inventory service
2025-10-01 08:40:11.567 [WARN] Disk space low on drive C: (12% remaining)
2025-10-01 08:45:33.890 [INFO] Processed 1,523 orders successfully
2025-10-01 09:00:00.123 [INFO] Hourly metrics: Orders=1523, Errors=12, Warnings=7
